This is pdfTeX, Version 3.141592653-2.6-1.40.22 (TeX Live 2022/dev/Debian) (preloaded format=pdflatex 2026.1.30)  2 MAR 2026 00:27
entering extended mode
 restricted \write18 enabled.
 %&-line parsing enabled.
**Ieee-group-2.tex
(./Ieee-group-2.tex
LaTeX2e <2021-11-15> patch level 1
L3 programming layer <2022-01-21> (./IEEEtran.cls
Document Class: IEEEtran 2015/08/26 V1.8b by Michael Shell
-- See the "IEEEtran_HOWTO" manual for usage information.
-- http://www.michaelshell.org/tex/ieeetran/
\@IEEEtrantmpdimenA=\dimen138
\@IEEEtrantmpdimenB=\dimen139
\@IEEEtrantmpdimenC=\dimen140
\@IEEEtrantmpcountA=\count185
\@IEEEtrantmpcountB=\count186
\@IEEEtrantmpcountC=\count187
\@IEEEtrantmptoksA=\toks16
LaTeX Font Info:    Trying to load font information for OT1+ptm on input line 5
03.
(/usr/share/texlive/texmf-dist/tex/latex/psnfss/ot1ptm.fd
File: ot1ptm.fd 2001/06/04 font definitions for OT1/ptm.
)
! Font OT1/ptm/m/n/10=ptmr7t at 10.0pt not loadable: Metric (TFM) file not foun
d.
<to be read again> 
                   relax 
l.503 \normalfont
                 \selectfont
I wasn't able to read the size data for this font,
so I will ignore the font specification.
[Wizards can fix TFM files using TFtoPL/PLtoTF.]
You might try inserting a different font spec;
e.g., type `I\font<same font id>=<substitute font name>'.

-- Using 8.5in x 11in (letter) paper.
-- Using PDF output.
\@IEEEnormalsizeunitybaselineskip=\dimen141
-- This is a 10 point document.
! Font OT1/ptm/m/n/9=ptmr7t at 9.0pt not loadable: Metric (TFM) file not found.
<to be read again> 
                   relax 
l.963 \small
            \normalsize % make \baselinestretch take affect
I wasn't able to read the size data for this font,
so I will ignore the font specification.
[Wizards can fix TFM files using TFtoPL/PLtoTF.]
You might try inserting a different font spec;
e.g., type `I\font<same font id>=<substitute font name>'.

\CLASSINFOnormalsizebaselineskip=\dimen142
\CLASSINFOnormalsizeunitybaselineskip=\dimen143
\IEEEnormaljot=\dimen144
! Font OT1/ptm/m/n/5=ptmr7t at 5.0pt not loadable: Metric (TFM) file not found.
<to be read again> 
                   relax 
l.1090 \@IEEEtunefonts
                      
I wasn't able to read the size data for this font,
so I will ignore the font specification.
[Wizards can fix TFM files using TFtoPL/PLtoTF.]
You might try inserting a different font spec;
e.g., type `I\font<same font id>=<substitute font name>'.

LaTeX Font Info:    Font shape `OT1/ptm/bx/n' in size <5> not available
(Font)              Font shape `OT1/ptm/b/n' tried instead on input line 1090.
! Font OT1/ptm/bx/n/5=ptmb7t at 5.0pt not loadable: Metric (TFM) file not found
.
<to be read again> 
                   relax 
l.1090 \@IEEEtunefonts
                      
I wasn't able to read the size data for this font,
so I will ignore the font specification.
[Wizards can fix TFM files using TFtoPL/PLtoTF.]
You might try inserting a different font spec;
e.g., type `I\font<same font id>=<substitute font name>'.

! Font \OT1/ptm/b/n/5=nullfont not loadable: Metric (TFM) file not found.
<to be read again> 
                   \relax 
l.1090 \@IEEEtunefonts
                      
I wasn't able to read the size data for this font,
so I will ignore the font specification.
[Wizards can fix TFM files using TFtoPL/PLtoTF.]
You might try inserting a different font spec;
e.g., type `I\font<same font id>=<substitute font name>'.

! Font OT1/ptm/m/it/5=ptmri7t at 5.0pt not loadable: Metric (TFM) file not foun
d.
<to be read again> 
                   relax 
l.1090 \@IEEEtunefonts
                      
I wasn't able to read the size data for this font,
so I will ignore the font specification.
[Wizards can fix TFM files using TFtoPL/PLtoTF.]
You might try inserting a different font spec;
e.g., type `I\font<same font id>=<substitute font name>'.

LaTeX Font Info:    Font shape `OT1/ptm/bx/it' in size <5> not available
(Font)              Font shape `OT1/ptm/b/it' tried instead on input line 1090.

! Font OT1/ptm/bx/it/5=ptmbi7t at 5.0pt not loadable: Metric (TFM) file not fou
nd.
<to be read again> 
                   relax 
l.1090 \@IEEEtunefonts
                      
I wasn't able to read the size data for this font,
so I will ignore the font specification.
[Wizards can fix TFM files using TFtoPL/PLtoTF.]
You might try inserting a different font spec;
e.g., type `I\font<same font id>=<substitute font name>'.

! Font \OT1/ptm/b/it/5=nullfont not loadable: Metric (TFM) file not found.
<to be read again> 
                   \relax 
l.1090 \@IEEEtunefonts
                      
I wasn't able to read the size data for this font,
so I will ignore the font specification.
[Wizards can fix TFM files using TFtoPL/PLtoTF.]
You might try inserting a different font spec;
e.g., type `I\font<same font id>=<substitute font name>'.

! Font OT1/ptm/m/n/7=ptmr7t at 7.0pt not loadable: Metric (TFM) file not found.
<to be read again> 
                   relax 
l.1090 \@IEEEtunefonts
                      
I wasn't able to read the size data for this font,
so I will ignore the font specification.
[Wizards can fix TFM files using TFtoPL/PLtoTF.]
You might try inserting a different font spec;
e.g., type `I\font<same font id>=<substitute font name>'.

LaTeX Font Info:    Font shape `OT1/ptm/bx/n' in size <7> not available
(Font)              Font shape `OT1/ptm/b/n' tried instead on input line 1090.
! Font OT1/ptm/bx/n/7=ptmb7t at 7.0pt not loadable: Metric (TFM) file not found
.
<to be read again> 
                   relax 
l.1090 \@IEEEtunefonts
                      
I wasn't able to read the size data for this font,
so I will ignore the font specification.
[Wizards can fix TFM files using TFtoPL/PLtoTF.]
You might try inserting a different font spec;
e.g., type `I\font<same font id>=<substitute font name>'.

! Font \OT1/ptm/b/n/7=nullfont not loadable: Metric (TFM) file not found.
<to be read again> 
                   \relax 
l.1090 \@IEEEtunefonts
                      
I wasn't able to read the size data for this font,
so I will ignore the font specification.
[Wizards can fix TFM files using TFtoPL/PLtoTF.]
You might try inserting a different font spec;
e.g., type `I\font<same font id>=<substitute font name>'.

! Font OT1/ptm/m/it/7=ptmri7t at 7.0pt not loadable: Metric (TFM) file not foun
d.
<to be read again> 
                   relax 
l.1090 \@IEEEtunefonts
                      
I wasn't able to read the size data for this font,
so I will ignore the font specification.
[Wizards can fix TFM files using TFtoPL/PLtoTF.]
You might try inserting a different font spec;
e.g., type `I\font<same font id>=<substitute font name>'.

LaTeX Font Info:    Font shape `OT1/ptm/bx/it' in size <7> not available
(Font)              Font shape `OT1/ptm/b/it' tried instead on input line 1090.

! Font OT1/ptm/bx/it/7=ptmbi7t at 7.0pt not loadable: Metric (TFM) file not fou
nd.
<to be read again> 
                   relax 
l.1090 \@IEEEtunefonts
                      
I wasn't able to read the size data for this font,
so I will ignore the font specification.
[Wizards can fix TFM files using TFtoPL/PLtoTF.]
You might try inserting a different font spec;
e.g., type `I\font<same font id>=<substitute font name>'.

! Font \OT1/ptm/b/it/7=nullfont not loadable: Metric (TFM) file not found.
<to be read again> 
                   \relax 
l.1090 \@IEEEtunefonts
                      
I wasn't able to read the size data for this font,
so I will ignore the font specification.
[Wizards can fix TFM files using TFtoPL/PLtoTF.]
You might try inserting a different font spec;
e.g., type `I\font<same font id>=<substitute font name>'.

! Font OT1/ptm/m/n/8=ptmr7t at 8.0pt not loadable: Metric (TFM) file not found.
<to be read again> 
                   relax 
l.1090 \@IEEEtunefonts
                      
I wasn't able to read the size data for this font,
so I will ignore the font specification.
[Wizards can fix TFM files using TFtoPL/PLtoTF.]
You might try inserting a different font spec;
e.g., type `I\font<same font id>=<substitute font name>'.

LaTeX Font Info:    Font shape `OT1/ptm/bx/n' in size <8> not available
(Font)              Font shape `OT1/ptm/b/n' tried instead on input line 1090.
! Font OT1/ptm/bx/n/8=ptmb7t at 8.0pt not loadable: Metric (TFM) file not found
.
<to be read again> 
                   relax 
l.1090 \@IEEEtunefonts
                      
I wasn't able to read the size data for this font,
so I will ignore the font specification.
[Wizards can fix TFM files using TFtoPL/PLtoTF.]
You might try inserting a different font spec;
e.g., type `I\font<same font id>=<substitute font name>'.

! Font \OT1/ptm/b/n/8=nullfont not loadable: Metric (TFM) file not found.
<to be read again> 
                   \relax 
l.1090 \@IEEEtunefonts
                      
I wasn't able to read the size data for this font,
so I will ignore the font specification.
[Wizards can fix TFM files using TFtoPL/PLtoTF.]
You might try inserting a different font spec;
e.g., type `I\font<same font id>=<substitute font name>'.

! Font OT1/ptm/m/it/8=ptmri7t at 8.0pt not loadable: Metric (TFM) file not foun
d.
<to be read again> 
                   relax 
l.1090 \@IEEEtunefonts
                      
I wasn't able to read the size data for this font,
so I will ignore the font specification.
[Wizards can fix TFM files using TFtoPL/PLtoTF.]
You might try inserting a different font spec;
e.g., type `I\font<same font id>=<substitute font name>'.

LaTeX Font Info:    Font shape `OT1/ptm/bx/it' in size <8> not available
(Font)              Font shape `OT1/ptm/b/it' tried instead on input line 1090.

! Font OT1/ptm/bx/it/8=ptmbi7t at 8.0pt not loadable: Metric (TFM) file not fou
nd.
<to be read again> 
                   relax 
l.1090 \@IEEEtunefonts
                      
I wasn't able to read the size data for this font,
so I will ignore the font specification.
[Wizards can fix TFM files using TFtoPL/PLtoTF.]
You might try inserting a different font spec;
e.g., type `I\font<same font id>=<substitute font name>'.

! Font \OT1/ptm/b/it/8=nullfont not loadable: Metric (TFM) file not found.
<to be read again> 
                   \relax 
l.1090 \@IEEEtunefonts
                      
I wasn't able to read the size data for this font,
so I will ignore the font specification.
[Wizards can fix TFM files using TFtoPL/PLtoTF.]
You might try inserting a different font spec;
e.g., type `I\font<same font id>=<substitute font name>'.

LaTeX Font Info:    Font shape `OT1/ptm/bx/n' in size <9> not available
(Font)              Font shape `OT1/ptm/b/n' tried instead on input line 1090.
! Font OT1/ptm/bx/n/9=ptmb7t at 9.0pt not loadable: Metric (TFM) file not found
.
<to be read again> 
                   relax 
l.1090 \@IEEEtunefonts
                      
I wasn't able to read the size data for this font,
so I will ignore the font specification.
[Wizards can fix TFM files using TFtoPL/PLtoTF.]
You might try inserting a different font spec;
e.g., type `I\font<same font id>=<substitute font name>'.

! Font \OT1/ptm/b/n/9=nullfont not loadable: Metric (TFM) file not found.
<to be read again> 
                   \relax 
l.1090 \@IEEEtunefonts
                      
I wasn't able to read the size data for this font,
so I will ignore the font specification.
[Wizards can fix TFM files using TFtoPL/PLtoTF.]
You might try inserting a different font spec;
e.g., type `I\font<same font id>=<substitute font name>'.

! Font OT1/ptm/m/it/9=ptmri7t at 9.0pt not loadable: Metric (TFM) file not foun
d.
<to be read again> 
                   relax 
l.1090 \@IEEEtunefonts
                      
I wasn't able to read the size data for this font,
so I will ignore the font specification.
[Wizards can fix TFM files using TFtoPL/PLtoTF.]
You might try inserting a different font spec;
e.g., type `I\font<same font id>=<substitute font name>'.

LaTeX Font Info:    Font shape `OT1/ptm/bx/it' in size <9> not available
(Font)              Font shape `OT1/ptm/b/it' tried instead on input line 1090.

! Font OT1/ptm/bx/it/9=ptmbi7t at 9.0pt not loadable: Metric (TFM) file not fou
nd.
<to be read again> 
                   relax 
l.1090 \@IEEEtunefonts
                      
I wasn't able to read the size data for this font,
so I will ignore the font specification.
[Wizards can fix TFM files using TFtoPL/PLtoTF.]
You might try inserting a different font spec;
e.g., type `I\font<same font id>=<substitute font name>'.

! Font \OT1/ptm/b/it/9=nullfont not loadable: Metric (TFM) file not found.
<to be read again> 
                   \relax 
l.1090 \@IEEEtunefonts
                      
I wasn't able to read the size data for this font,
so I will ignore the font specification.
[Wizards can fix TFM files using TFtoPL/PLtoTF.]
You might try inserting a different font spec;
e.g., type `I\font<same font id>=<substitute font name>'.

LaTeX Font Info:    Font shape `OT1/ptm/bx/n' in size <10> not available
(Font)              Font shape `OT1/ptm/b/n' tried instead on input line 1090.
! Font OT1/ptm/bx/n/10=ptmb7t at 10.0pt not loadable: Metric (TFM) file not fou
nd.
<to be read again> 
                   relax 
l.1090 \@IEEEtunefonts
                      
I wasn't able to read the size data for this font,
so I will ignore the font specification.
[Wizards can fix TFM files using TFtoPL/PLtoTF.]
You might try inserting a different font spec;
e.g., type `I\font<same font id>=<substitute font name>'.

! Font \OT1/ptm/b/n/10=nullfont not loadable: Metric (TFM) file not found.
<to be read again> 
                   \relax 
l.1090 \@IEEEtunefonts
                      
I wasn't able to read the size data for this font,
so I will ignore the font specification.
[Wizards can fix TFM files using TFtoPL/PLtoTF.]
You might try inserting a different font spec;
e.g., type `I\font<same font id>=<substitute font name>'.

! Font OT1/ptm/m/it/10=ptmri7t at 10.0pt not loadable: Metric (TFM) file not fo
und.
<to be read again> 
                   relax 
l.1090 \@IEEEtunefonts
                      
I wasn't able to read the size data for this font,
so I will ignore the font specification.
[Wizards can fix TFM files using TFtoPL/PLtoTF.]
You might try inserting a different font spec;
e.g., type `I\font<same font id>=<substitute font name>'.

LaTeX Font Info:    Font shape `OT1/ptm/bx/it' in size <10> not available
(Font)              Font shape `OT1/ptm/b/it' tried instead on input line 1090.

! Font OT1/ptm/bx/it/10=ptmbi7t at 10.0pt not loadable: Metric (TFM) file not f
ound.
<to be read again> 
                   relax 
l.1090 \@IEEEtunefonts
                      
I wasn't able to read the size data for this font,
so I will ignore the font specification.
[Wizards can fix TFM files using TFtoPL/PLtoTF.]
You might try inserting a different font spec;
e.g., type `I\font<same font id>=<substitute font name>'.

! Font \OT1/ptm/b/it/10=nullfont not loadable: Metric (TFM) file not found.
<to be read again> 
                   \relax 
l.1090 \@IEEEtunefonts
                      
I wasn't able to read the size data for this font,
so I will ignore the font specification.
[Wizards can fix TFM files using TFtoPL/PLtoTF.]
You might try inserting a different font spec;
e.g., type `I\font<same font id>=<substitute font name>'.

! Font OT1/ptm/m/n/11=ptmr7t at 11.0pt not loadable: Metric (TFM) file not foun
d.
<to be read again> 
                   relax 
l.1090 \@IEEEtunefonts
                      
I wasn't able to read the size data for this font,
so I will ignore the font specification.
[Wizards can fix TFM files using TFtoPL/PLtoTF.]
You might try inserting a different font spec;
e.g., type `I\font<same font id>=<substitute font name>'.

LaTeX Font Info:    Font shape `OT1/ptm/bx/n' in size <11> not available
(Font)              Font shape `OT1/ptm/b/n' tried instead on input line 1090.
! Font OT1/ptm/bx/n/11=ptmb7t at 11.0pt not loadable: Metric (TFM) file not fou
nd.
<to be read again> 
                   relax 
l.1090 \@IEEEtunefonts
                      
I wasn't able to read the size data for this font,
so I will ignore the font specification.
[Wizards can fix TFM files using TFtoPL/PLtoTF.]
You might try inserting a different font spec;
e.g., type `I\font<same font id>=<substitute font name>'.

! Font \OT1/ptm/b/n/11=nullfont not loadable: Metric (TFM) file not found.
<to be read again> 
                   \relax 
l.1090 \@IEEEtunefonts
                      
I wasn't able to read the size data for this font,
so I will ignore the font specification.
[Wizards can fix TFM files using TFtoPL/PLtoTF.]
You might try inserting a different font spec;
e.g., type `I\font<same font id>=<substitute font name>'.

! Font OT1/ptm/m/it/11=ptmri7t at 11.0pt not loadable: Metric (TFM) file not fo
und.
<to be read again> 
                   relax 
l.1090 \@IEEEtunefonts
                      
I wasn't able to read the size data for this font,
so I will ignore the font specification.
[Wizards can fix TFM files using TFtoPL/PLtoTF.]
You might try inserting a different font spec;
e.g., type `I\font<same font id>=<substitute font name>'.

LaTeX Font Info:    Font shape `OT1/ptm/bx/it' in size <11> not available
(Font)              Font shape `OT1/ptm/b/it' tried instead on input line 1090.

! Font OT1/ptm/bx/it/11=ptmbi7t at 11.0pt not loadable: Metric (TFM) file not f
ound.
<to be read again> 
                   relax 
l.1090 \@IEEEtunefonts
                      
I wasn't able to read the size data for this font,
so I will ignore the font specification.
[Wizards can fix TFM files using TFtoPL/PLtoTF.]
You might try inserting a different font spec;
e.g., type `I\font<same font id>=<substitute font name>'.

! Font \OT1/ptm/b/it/11=nullfont not loadable: Metric (TFM) file not found.
<to be read again> 
                   \relax 
l.1090 \@IEEEtunefonts
                      
I wasn't able to read the size data for this font,
so I will ignore the font specification.
[Wizards can fix TFM files using TFtoPL/PLtoTF.]
You might try inserting a different font spec;
e.g., type `I\font<same font id>=<substitute font name>'.

! Font OT1/ptm/m/n/12=ptmr7t at 12.0pt not loadable: Metric (TFM) file not foun
d.
<to be read again> 
                   relax 
l.1090 \@IEEEtunefonts
                      
I wasn't able to read the size data for this font,
so I will ignore the font specification.
[Wizards can fix TFM files using TFtoPL/PLtoTF.]
You might try inserting a different font spec;
e.g., type `I\font<same font id>=<substitute font name>'.

LaTeX Font Info:    Font shape `OT1/ptm/bx/n' in size <12> not available
(Font)              Font shape `OT1/ptm/b/n' tried instead on input line 1090.
! Font OT1/ptm/bx/n/12=ptmb7t at 12.0pt not loadable: Metric (TFM) file not fou
nd.
<to be read again> 
                   relax 
l.1090 \@IEEEtunefonts
                      
I wasn't able to read the size data for this font,
so I will ignore the font specification.
[Wizards can fix TFM files using TFtoPL/PLtoTF.]
You might try inserting a different font spec;
e.g., type `I\font<same font id>=<substitute font name>'.

! Font \OT1/ptm/b/n/12=nullfont not loadable: Metric (TFM) file not found.
<to be read again> 
                   \relax 
l.1090 \@IEEEtunefonts
                      
I wasn't able to read the size data for this font,
so I will ignore the font specification.
[Wizards can fix TFM files using TFtoPL/PLtoTF.]
You might try inserting a different font spec;
e.g., type `I\font<same font id>=<substitute font name>'.

! Font OT1/ptm/m/it/12=ptmri7t at 12.0pt not loadable: Metric (TFM) file not fo
und.
<to be read again> 
                   relax 
l.1090 \@IEEEtunefonts
                      
I wasn't able to read the size data for this font,
so I will ignore the font specification.
[Wizards can fix TFM files using TFtoPL/PLtoTF.]
You might try inserting a different font spec;
e.g., type `I\font<same font id>=<substitute font name>'.

LaTeX Font Info:    Font shape `OT1/ptm/bx/it' in size <12> not available
(Font)              Font shape `OT1/ptm/b/it' tried instead on input line 1090.

! Font OT1/ptm/bx/it/12=ptmbi7t at 12.0pt not loadable: Metric (TFM) file not f
ound.
<to be read again> 
                   relax 
l.1090 \@IEEEtunefonts
                      
I wasn't able to read the size data for this font,
so I will ignore the font specification.
[Wizards can fix TFM files using TFtoPL/PLtoTF.]
You might try inserting a different font spec;
e.g., type `I\font<same font id>=<substitute font name>'.

! Font \OT1/ptm/b/it/12=nullfont not loadable: Metric (TFM) file not found.
<to be read again> 
                   \relax 
l.1090 \@IEEEtunefonts
                      
I wasn't able to read the size data for this font,
so I will ignore the font specification.
[Wizards can fix TFM files using TFtoPL/PLtoTF.]
You might try inserting a different font spec;
e.g., type `I\font<same font id>=<substitute font name>'.

! Font OT1/ptm/m/n/17=ptmr7t at 17.0pt not loadable: Metric (TFM) file not foun
d.
<to be read again> 
                   relax 
l.1090 \@IEEEtunefonts
                      
I wasn't able to read the size data for this font,
so I will ignore the font specification.
[Wizards can fix TFM files using TFtoPL/PLtoTF.]
You might try inserting a different font spec;
e.g., type `I\font<same font id>=<substitute font name>'.

LaTeX Font Info:    Font shape `OT1/ptm/bx/n' in size <17> not available
(Font)              Font shape `OT1/ptm/b/n' tried instead on input line 1090.
! Font OT1/ptm/bx/n/17=ptmb7t at 17.0pt not loadable: Metric (TFM) file not fou
nd.
<to be read again> 
                   relax 
l.1090 \@IEEEtunefonts
                      
I wasn't able to read the size data for this font,
so I will ignore the font specification.
[Wizards can fix TFM files using TFtoPL/PLtoTF.]
You might try inserting a different font spec;
e.g., type `I\font<same font id>=<substitute font name>'.

! Font \OT1/ptm/b/n/17=nullfont not loadable: Metric (TFM) file not found.
<to be read again> 
                   \relax 
l.1090 \@IEEEtunefonts
                      
I wasn't able to read the size data for this font,
so I will ignore the font specification.
[Wizards can fix TFM files using TFtoPL/PLtoTF.]
You might try inserting a different font spec;
e.g., type `I\font<same font id>=<substitute font name>'.

! Font OT1/ptm/m/it/17=ptmri7t at 17.0pt not loadable: Metric (TFM) file not fo
und.
<to be read again> 
                   relax 
l.1090 \@IEEEtunefonts
                      
I wasn't able to read the size data for this font,
so I will ignore the font specification.
[Wizards can fix TFM files using TFtoPL/PLtoTF.]
You might try inserting a different font spec;
e.g., type `I\font<same font id>=<substitute font name>'.

LaTeX Font Info:    Font shape `OT1/ptm/bx/it' in size <17> not available
(Font)              Font shape `OT1/ptm/b/it' tried instead on input line 1090.

! Font OT1/ptm/bx/it/17=ptmbi7t at 17.0pt not loadable: Metric (TFM) file not f
ound.
<to be read again> 
                   relax 
l.1090 \@IEEEtunefonts
                      
I wasn't able to read the size data for this font,
so I will ignore the font specification.
[Wizards can fix TFM files using TFtoPL/PLtoTF.]
You might try inserting a different font spec;
e.g., type `I\font<same font id>=<substitute font name>'.

! Font \OT1/ptm/b/it/17=nullfont not loadable: Metric (TFM) file not found.
<to be read again> 
                   \relax 
l.1090 \@IEEEtunefonts
                      
I wasn't able to read the size data for this font,
so I will ignore the font specification.
[Wizards can fix TFM files using TFtoPL/PLtoTF.]
You might try inserting a different font spec;
e.g., type `I\font<same font id>=<substitute font name>'.

! Font OT1/ptm/m/n/20=ptmr7t at 20.0pt not loadable: Metric (TFM) file not foun
d.
<to be read again> 
                   relax 
l.1090 \@IEEEtunefonts
                      
I wasn't able to read the size data for this font,
so I will ignore the font specification.
[Wizards can fix TFM files using TFtoPL/PLtoTF.]
You might try inserting a different font spec;
e.g., type `I\font<same font id>=<substitute font name>'.

LaTeX Font Info:    Font shape `OT1/ptm/bx/n' in size <20> not available
(Font)              Font shape `OT1/ptm/b/n' tried instead on input line 1090.
! Font OT1/ptm/bx/n/20=ptmb7t at 20.0pt not loadable: Metric (TFM) file not fou
nd.
<to be read again> 
                   relax 
l.1090 \@IEEEtunefonts
                      
I wasn't able to read the size data for this font,
so I will ignore the font specification.
[Wizards can fix TFM files using TFtoPL/PLtoTF.]
You might try inserting a different font spec;
e.g., type `I\font<same font id>=<substitute font name>'.

! Font \OT1/ptm/b/n/20=nullfont not loadable: Metric (TFM) file not found.
<to be read again> 
                   \relax 
l.1090 \@IEEEtunefonts
                      
I wasn't able to read the size data for this font,
so I will ignore the font specification.
[Wizards can fix TFM files using TFtoPL/PLtoTF.]
You might try inserting a different font spec;
e.g., type `I\font<same font id>=<substitute font name>'.

! Font OT1/ptm/m/it/20=ptmri7t at 20.0pt not loadable: Metric (TFM) file not fo
und.
<to be read again> 
                   relax 
l.1090 \@IEEEtunefonts
                      
I wasn't able to read the size data for this font,
so I will ignore the font specification.
[Wizards can fix TFM files using TFtoPL/PLtoTF.]
You might try inserting a different font spec;
e.g., type `I\font<same font id>=<substitute font name>'.

LaTeX Font Info:    Font shape `OT1/ptm/bx/it' in size <20> not available
(Font)              Font shape `OT1/ptm/b/it' tried instead on input line 1090.

! Font OT1/ptm/bx/it/20=ptmbi7t at 20.0pt not loadable: Metric (TFM) file not f
ound.
<to be read again> 
                   relax 
l.1090 \@IEEEtunefonts
                      
I wasn't able to read the size data for this font,
so I will ignore the font specification.
[Wizards can fix TFM files using TFtoPL/PLtoTF.]
You might try inserting a different font spec;
e.g., type `I\font<same font id>=<substitute font name>'.

! Font \OT1/ptm/b/it/20=nullfont not loadable: Metric (TFM) file not found.
<to be read again> 
                   \relax 
l.1090 \@IEEEtunefonts
                      
I wasn't able to read the size data for this font,
so I will ignore the font specification.
[Wizards can fix TFM files using TFtoPL/PLtoTF.]
You might try inserting a different font spec;
e.g., type `I\font<same font id>=<substitute font name>'.

! Font OT1/ptm/m/n/24=ptmr7t at 24.0pt not loadable: Metric (TFM) file not foun
d.
<to be read again> 
                   relax 
l.1090 \@IEEEtunefonts
                      
I wasn't able to read the size data for this font,
so I will ignore the font specification.
[Wizards can fix TFM files using TFtoPL/PLtoTF.]
You might try inserting a different font spec;
e.g., type `I\font<same font id>=<substitute font name>'.

LaTeX Font Info:    Font shape `OT1/ptm/bx/n' in size <24> not available
(Font)              Font shape `OT1/ptm/b/n' tried instead on input line 1090.
! Font OT1/ptm/bx/n/24=ptmb7t at 24.0pt not loadable: Metric (TFM) file not fou
nd.
<to be read again> 
                   relax 
l.1090 \@IEEEtunefonts
                      
I wasn't able to read the size data for this font,
so I will ignore the font specification.
[Wizards can fix TFM files using TFtoPL/PLtoTF.]
You might try inserting a different font spec;
e.g., type `I\font<same font id>=<substitute font name>'.

! Font \OT1/ptm/b/n/24=nullfont not loadable: Metric (TFM) file not found.
<to be read again> 
                   \relax 
l.1090 \@IEEEtunefonts
                      
I wasn't able to read the size data for this font,
so I will ignore the font specification.
[Wizards can fix TFM files using TFtoPL/PLtoTF.]
You might try inserting a different font spec;
e.g., type `I\font<same font id>=<substitute font name>'.

! Font OT1/ptm/m/it/24=ptmri7t at 24.0pt not loadable: Metric (TFM) file not fo
und.
<to be read again> 
                   relax 
l.1090 \@IEEEtunefonts
                      
I wasn't able to read the size data for this font,
so I will ignore the font specification.
[Wizards can fix TFM files using TFtoPL/PLtoTF.]
You might try inserting a different font spec;
e.g., type `I\font<same font id>=<substitute font name>'.

LaTeX Font Info:    Font shape `OT1/ptm/bx/it' in size <24> not available
(Font)              Font shape `OT1/ptm/b/it' tried instead on input line 1090.

! Font OT1/ptm/bx/it/24=ptmbi7t at 24.0pt not loadable: Metric (TFM) file not f
ound.
<to be read again> 
                   relax 
l.1090 \@IEEEtunefonts
                      
I wasn't able to read the size data for this font,
so I will ignore the font specification.
[Wizards can fix TFM files using TFtoPL/PLtoTF.]
You might try inserting a different font spec;
e.g., type `I\font<same font id>=<substitute font name>'.

! Font \OT1/ptm/b/it/24=nullfont not loadable: Metric (TFM) file not found.
<to be read again> 
                   \relax 
l.1090 \@IEEEtunefonts
                      
I wasn't able to read the size data for this font,
so I will ignore the font specification.
[Wizards can fix TFM files using TFtoPL/PLtoTF.]
You might try inserting a different font spec;
e.g., type `I\font<same font id>=<substitute font name>'.

\IEEEquantizedlength=\dimen145
\IEEEquantizedlengthdiff=\dimen146
\IEEEquantizedtextheightdiff=\dimen147
Missing character: There is no g in font nullfont!
Missing character: There is no T in font nullfont!
Missing character: There is no g in font nullfont!
Missing character: There is no T in font nullfont!
Missing character: There is no T in font nullfont!
Missing character: There is no g in font nullfont!
Missing character: There is no T in font nullfont!
Missing character: There is no T in font nullfont!
Missing character: There is no g in font nullfont!
Missing character: There is no T in font nullfont!
Missing character: There is no g in font nullfont!
Missing character: There is no T in font nullfont!
Missing character: There is no g in font nullfont!
Missing character: There is no T in font nullfont!
\IEEEilabelindentA=\dimen148
\IEEEilabelindentB=\dimen149
\IEEEilabelindent=\dimen150
\IEEEelabelindent=\dimen151
\IEEEdlabelindent=\dimen152
\IEEElabelindent=\dimen153
\IEEEiednormlabelsep=\dimen154
\IEEEiedmathlabelsep=\dimen155
\IEEEiedtopsep=\skip47
\c@section=\count188
\c@subsection=\count189
\c@subsubsection=\count190
\c@paragraph=\count191
\c@IEEEsubequation=\count192
\abovecaptionskip=\skip48
\belowcaptionskip=\skip49
\c@figure=\count193
\c@table=\count194
\@IEEEeqnnumcols=\count195
\@IEEEeqncolcnt=\count196
\@IEEEsubeqnnumrollback=\count197
\@IEEEquantizeheightA=\dimen156
\@IEEEquantizeheightB=\dimen157
\@IEEEquantizeheightC=\dimen158
\@IEEEquantizeprevdepth=\dimen159
\@IEEEquantizemultiple=\count198
\@IEEEquantizeboxA=\box50
\@IEEEtmpitemindent=\dimen160
\IEEEPARstartletwidth=\dimen161
\c@IEEEbiography=\count199
\@IEEEtranrubishbin=\box51
)
** ATTENTION: Overriding command lockouts (line 7).
(/usr/share/texlive/texmf-dist/tex/latex/cite/cite.sty
LaTeX Info: Redefining \cite on input line 302.
LaTeX Info: Redefining \nocite on input line 332.
Package: cite 2015/02/27  v 5.5
)
(/usr/share/texlive/texmf-dist/tex/latex/amsmath/amsmath.sty
Package: amsmath 2021/10/15 v2.17l AMS math features
\@mathmargin=\skip50

For additional information on amsmath, use the `?' option.
(/usr/share/texlive/texmf-dist/tex/latex/amsmath/amstext.sty
Package: amstext 2021/08/26 v2.01 AMS text

(/usr/share/texlive/texmf-dist/tex/latex/amsmath/amsgen.sty
File: amsgen.sty 1999/11/30 v2.0 generic functions
\@emptytoks=\toks17
\ex@=\dimen162
))
(/usr/share/texlive/texmf-dist/tex/latex/amsmath/amsbsy.sty
Package: amsbsy 1999/11/29 v1.2d Bold Symbols
\pmbraise@=\dimen163
)
(/usr/share/texlive/texmf-dist/tex/latex/amsmath/amsopn.sty
Package: amsopn 2021/08/26 v2.02 operator names
)
\inf@bad=\count266
LaTeX Info: Redefining \frac on input line 234.
\uproot@=\count267
\leftroot@=\count268
LaTeX Info: Redefining \overline on input line 399.
\classnum@=\count269
\DOTSCASE@=\count270
LaTeX Info: Redefining \ldots on input line 496.
LaTeX Info: Redefining \dots on input line 499.
LaTeX Info: Redefining \cdots on input line 620.
\Mathstrutbox@=\box52
\strutbox@=\box53
\big@size=\dimen164
LaTeX Font Info:    Redeclaring font encoding OML on input line 743.
LaTeX Font Info:    Redeclaring font encoding OMS on input line 744.
\macc@depth=\count271
\c@MaxMatrixCols=\count272
\dotsspace@=\muskip16
\c@parentequation=\count273
\dspbrk@lvl=\count274
\tag@help=\toks18
\row@=\count275
\column@=\count276
\maxfields@=\count277
\andhelp@=\toks19
\eqnshift@=\dimen165
\alignsep@=\dimen166
\tagshift@=\dimen167
\tagwidth@=\dimen168
\totwidth@=\dimen169
\lineht@=\dimen170
\@envbody=\toks20
\multlinegap=\skip51
\multlinetaggap=\skip52
\mathdisplay@stack=\toks21
LaTeX Info: Redefining \[ on input line 2938.
LaTeX Info: Redefining \] on input line 2939.
)
(/usr/share/texlive/texmf-dist/tex/latex/amsfonts/amssymb.sty
Package: amssymb 2013/01/14 v3.01 AMS font symbols

(/usr/share/texlive/texmf-dist/tex/latex/amsfonts/amsfonts.sty
Package: amsfonts 2013/01/14 v3.01 Basic AMSFonts support
\symAMSa=\mathgroup4
\symAMSb=\mathgroup5
LaTeX Font Info:    Redeclaring math symbol \hbar on input line 98.
LaTeX Font Info:    Overwriting math alphabet `\mathfrak' in version `bold'
(Font)                  U/euf/m/n --> U/euf/b/n on input line 106.
))

! LaTeX Error: File `algorithmic.sty' not found.

Type X to quit or <RETURN> to proceed,
or enter new name. (Default extension: sty)

Enter file name: 
! Emergency stop.
<read *> 
         
l.14 \usepackage
                {graphicx}^^M
*** (cannot \read from terminal in nonstop modes)

 
Here is how much of TeX's memory you used:
 2350 strings out of 480247
 36342 string characters out of 5896151
 319069 words of memory out of 5000000
 20354 multiletter control sequences out of 15000+600000
 469259 words of font info for 28 fonts, out of 8000000 for 9000
 14 hyphenation exceptions out of 8191
 54i,1n,62p,232b,148s stack positions out of 5000i,500n,10000p,200000b,80000s
!  ==> Fatal error occurred, no output PDF file produced!
